Using pre-set license
Built from '2020.3/release' branch; Version is '2020.3.1f1 (77a89f25062f) revision 7841951'; Using compiler version '192528614'; Build Type 'Release'
OS: 'Windows 10 Home Single Language; OS build 19042.867; Version 2009; 64bit' Language: 'en' Physical Memory: 3974 MB
BatchMode: 1, IsHumanControllingUs: 0, StartBugReporterOnCrash: 0, Is64bit: 1, IsPro: 0

 COMMAND LINE ARGUMENTS:
C:\Program Files\Unity\Hub\Editor\2020.3.1f1\Editor\Unity.exe
-adb2
-batchMode
-noUpm
-name
AssetImportWorker2
-projectPath
E:/COOLYEAH/TI 3D/2/Komputasi Multemd/New folder/Komputasi-Multimedia/Pertemuan 7/ProjectUTS
-logFile
Logs/AssetImportWorker2.log
-srvPort
52979
Successfully changed project path to: E:/COOLYEAH/TI 3D/2/Komputasi Multemd/New folder/Komputasi-Multimedia/Pertemuan 7/ProjectUTS
E:/COOLYEAH/TI 3D/2/Komputasi Multemd/New folder/Komputasi-Multimedia/Pertemuan 7/ProjectUTS
Using Asset Import Pipeline V2.
Refreshing native plugins compatible for Editor in 57.17 ms, found 0 plugins.
Preloading 0 native plugins for Editor in 0.00 ms.
Initialize engine version: 2020.3.1f1 (77a89f25062f)
[Subsystems] Discovering subsystems at path C:/Program Files/Unity/Hub/Editor/2020.3.1f1/Editor/Data/Resources/UnitySubsystems
[Subsystems] Discovering subsystems at path E:/COOLYEAH/TI 3D/2/Komputasi Multemd/New folder/Komputasi-Multimedia/Pertemuan 7/ProjectUTS/Assets
GfxDevice: creating device client; threaded=0
Direct3D:
    Version:  Direct3D 11.0 [level 11.0]
    Renderer: NVIDIA GeForce MX110 (ID=0x174e)
    Vendor:   
    VRAM:     2010 MB
    Driver:   27.21.14.6140
Initialize mono
Mono path[0] = 'C:/Program Files/Unity/Hub/Editor/2020.3.1f1/Editor/Data/Managed'
Mono path[1] = 'C:/Program Files/Unity/Hub/Editor/2020.3.1f1/Editor/Data/MonoBleedingEdge/lib/mono/unityjit'
Mono config path = 'C:/Program Files/Unity/Hub/Editor/2020.3.1f1/Editor/Data/MonoBleedingEdge/etc'
Using monoOptions --debugger-agent=transport=dt_socket,embedding=1,server=y,suspend=n,address=127.0.0.1:56856
Begin MonoManager ReloadAssembly
Registering precompiled unity dll's ...
Register platform support module: C:/Program Files/Unity/Hub/Editor/2020.3.1f1/Editor/Data/PlaybackEngines/WindowsStandaloneSupport/UnityEditor.WindowsStandalone.Extensions.dll
Registered in 0.003331 seconds.
Native extension for WindowsStandalone target not found
Refreshing native plugins compatible for Editor in 51.14 ms, found 0 plugins.
Preloading 0 native plugins for Editor in 0.00 ms.
Invoked RoslynAnalysisRunner static constructor.
RoslynAnalysisRunner will not be running.
RoslynAnalysisRunner has terminated.
Mono: successfully reloaded assembly
- Completed reload, in  1.886 seconds
Platform modules already initialized, skipping
Registering precompiled user dll's ...
Registered in 0.003051 seconds.
Begin MonoManager ReloadAssembly
Native extension for WindowsStandalone target not found
Refreshing native plugins compatible for Editor in 0.77 ms, found 0 plugins.
Preloading 0 native plugins for Editor in 0.00 ms.
Invoked RoslynAnalysisRunner static constructor.
RoslynAnalysisRunner will not be running.
RoslynAnalysisRunner has terminated.
Mono: successfully reloaded assembly
- Completed reload, in  3.784 seconds
Platform modules already initialized, skipping
========================================================================
Worker process is ready to serve import requests
Launched and connected shader compiler UnityShaderCompiler.exe after 0.97 seconds
Refreshing native plugins compatible for Editor in 0.51 ms, found 0 plugins.
Preloading 0 native plugins for Editor in 0.00 ms.
Unloading 1425 Unused Serialized files (Serialized files now loaded: 0)
System memory in use before: 67.2 MB.
System memory in use after: 67.3 MB.

Unloading 33 unused Assets to reduce memory usage. Loaded Objects now: 1854.
Total: 3.668000 ms (FindLiveObjects: 0.316100 ms CreateObjectMapping: 0.102500 ms MarkObjects: 3.138200 ms  DeleteObjects: 0.108500 ms)

========================================================================
Received Import Request.
  path: Assets/background.jpg
  artifactKey: Guid(d44536673faed5841a20a7656fc3e68f) Importer(815301076,1909f56bfc062723c751e8b465ee728b)
Start importing Assets/background.jpg using Guid(d44536673faed5841a20a7656fc3e68f) Importer(815301076,1909f56bfc062723c751e8b465ee728b)  -> (artifact id: '996069471a006ddde6b4f82298c1f58e') in 1.576478 seconds
  Import took 1.600251 seconds .

========================================================================
Received Prepare
Registering precompiled user dll's ...
Registered in 0.002308 seconds.
Begin MonoManager ReloadAssembly
Native extension for WindowsStandalone target not found
Refreshing native plugins compatible for Editor in 0.60 ms, found 0 plugins.
Preloading 0 native plugins for Editor in 0.00 ms.
Invoked RoslynAnalysisRunner static constructor.
RoslynAnalysisRunner will not be running.
RoslynAnalysisRunner has terminated.
Mono: successfully reloaded assembly
- Completed reload, in  1.404 seconds
Platform modules already initialized, skipping
Refreshing native plugins compatible for Editor in 1.72 ms, found 0 plugins.
Preloading 0 native plugins for Editor in 0.00 ms.
Unloading 1406 Unused Serialized files (Serialized files now loaded: 0)
System memory in use before: 69.1 MB.
System memory in use after: 69.2 MB.

Unloading 24 unused Assets to reduce memory usage. Loaded Objects now: 1863.
Total: 3.029700 ms (FindLiveObjects: 0.361400 ms CreateObjectMapping: 0.097800 ms MarkObjects: 2.535000 ms  DeleteObjects: 0.032500 ms)

========================================================================
Received Prepare
Registering precompiled user dll's ...
Registered in 0.002320 seconds.
Begin MonoManager ReloadAssembly
Native extension for WindowsStandalone target not found
Refreshing native plugins compatible for Editor in 0.78 ms, found 0 plugins.
Preloading 0 native plugins for Editor in 0.00 ms.
Invoked RoslynAnalysisRunner static constructor.
RoslynAnalysisRunner will not be running.
RoslynAnalysisRunner has terminated.
Mono: successfully reloaded assembly
- Completed reload, in  2.059 seconds
Platform modules already initialized, skipping
Refreshing native plugins compatible for Editor in 0.60 ms, found 0 plugins.
Preloading 0 native plugins for Editor in 0.00 ms.
Unloading 1406 Unused Serialized files (Serialized files now loaded: 0)
System memory in use before: 69.1 MB.
System memory in use after: 69.3 MB.

Unloading 24 unused Assets to reduce memory usage. Loaded Objects now: 1866.
Total: 2.860800 ms (FindLiveObjects: 0.376300 ms CreateObjectMapping: 0.163500 ms MarkObjects: 2.277000 ms  DeleteObjects: 0.041000 ms)

========================================================================
Received Prepare
Registering precompiled user dll's ...
Registered in 0.003962 seconds.
Begin MonoManager ReloadAssembly
Native extension for WindowsStandalone target not found
Refreshing native plugins compatible for Editor in 0.57 ms, found 0 plugins.
Preloading 0 native plugins for Editor in 0.00 ms.
Invoked RoslynAnalysisRunner static constructor.
RoslynAnalysisRunner will not be running.
RoslynAnalysisRunner has terminated.
Mono: successfully reloaded assembly
- Completed reload, in  1.751 seconds
Platform modules already initialized, skipping
Refreshing native plugins compatible for Editor in 0.86 ms, found 0 plugins.
Preloading 0 native plugins for Editor in 0.00 ms.
Unloading 1406 Unused Serialized files (Serialized files now loaded: 0)
System memory in use before: 69.2 MB.
System memory in use after: 69.3 MB.

Unloading 24 unused Assets to reduce memory usage. Loaded Objects now: 1869.
Total: 2.838200 ms (FindLiveObjects: 0.512900 ms CreateObjectMapping: 0.189600 ms MarkObjects: 2.099300 ms  DeleteObjects: 0.032900 ms)

========================================================================
Received Import Request.
  Time since last request: 1063.107245 seconds.
  path: Assets
  artifactKey: Guid(00000000000000001000000000000000) Importer(815301076,1909f56bfc062723c751e8b465ee728b)
Start importing Assets using Guid(00000000000000001000000000000000) Importer(815301076,1909f56bfc062723c751e8b465ee728b)  -> (artifact id: 'a6374019befeac6ce670f13ba9960efb') in 0.166402 seconds
  Import took 0.207538 seconds .

========================================================================
Received Import Request.
  Time since last request: 5.061281 seconds.
  path: Assets
  artifactKey: Guid(00000000000000001000000000000000) Importer(815301076,1909f56bfc062723c751e8b465ee728b)
Start importing Assets using Guid(00000000000000001000000000000000) Importer(815301076,1909f56bfc062723c751e8b465ee728b)  -> (artifact id: 'a6374019befeac6ce670f13ba9960efb') in 0.004728 seconds
  Import took 0.063311 seconds .

========================================================================
Received Import Request.
  Time since last request: 23.756092 seconds.
  path: Assets/Scenes
  artifactKey: Guid(e5af9acd5b4663f4da64e50393511af7) Importer(815301076,1909f56bfc062723c751e8b465ee728b)
Start importing Assets/Scenes using Guid(e5af9acd5b4663f4da64e50393511af7) Importer(815301076,1909f56bfc062723c751e8b465ee728b)  -> (artifact id: 'c6460160212581c782a40808e11eedf1') in 0.011455 seconds
  Import took 0.015107 seconds .

========================================================================
Received Import Request.
  Time since last request: 8.164176 seconds.
  path: Assets/Script
  artifactKey: Guid(e5af9acd5b4663f4da64e50393511af7) Importer(815301076,1909f56bfc062723c751e8b465ee728b)
Start importing Assets/Script using Guid(e5af9acd5b4663f4da64e50393511af7) Importer(815301076,1909f56bfc062723c751e8b465ee728b)  -> (artifact id: 'b00fdda019d821980372ca810d3a6547') in 0.012884 seconds
  Import took 0.017462 seconds .

========================================================================
Received Import Request.
  Time since last request: 19.398000 seconds.
  path: Assets/Script/MainMenu.cs
  artifactKey: Guid(bf6152a2869e23e46bf4ab7a0d0f5d51) Importer(815301076,1909f56bfc062723c751e8b465ee728b)
Start importing Assets/Script/MainMenu.cs using Guid(bf6152a2869e23e46bf4ab7a0d0f5d51) Importer(815301076,1909f56bfc062723c751e8b465ee728b)  -> (artifact id: '7babf6a423163f51507deaf7dd990ae6') in 1.530940 seconds
  Import took 1.571526 seconds .

========================================================================
Received Prepare
Registering precompiled user dll's ...
Registered in 0.002381 seconds.
Begin MonoManager ReloadAssembly
Native extension for WindowsStandalone target not found
Refreshing native plugins compatible for Editor in 0.57 ms, found 0 plugins.
Preloading 0 native plugins for Editor in 0.00 ms.
Invoked RoslynAnalysisRunner static constructor.
RoslynAnalysisRunner will not be running.
RoslynAnalysisRunner has terminated.
Mono: successfully reloaded assembly
- Completed reload, in  1.754 seconds
Platform modules already initialized, skipping
Script is not up to date after domain reload: guid(bc790f2f5dd51454d875c49b25cf4b4e) path("Assets/Script/MenuActions.cs") state(2)
Refreshing native plugins compatible for Editor in 0.65 ms, found 0 plugins.
Preloading 0 native plugins for Editor in 0.00 ms.
Unloading 1407 Unused Serialized files (Serialized files now loaded: 0)
System memory in use before: 69.2 MB.
System memory in use after: 69.3 MB.

Unloading 24 unused Assets to reduce memory usage. Loaded Objects now: 1873.
Total: 3.363700 ms (FindLiveObjects: 0.270800 ms CreateObjectMapping: 0.227900 ms MarkObjects: 2.830600 ms  DeleteObjects: 0.032000 ms)

========================================================================
Received Prepare
Registering precompiled user dll's ...
Registered in 0.002295 seconds.
Begin MonoManager ReloadAssembly
Native extension for WindowsStandalone target not found
Refreshing native plugins compatible for Editor in 0.56 ms, found 0 plugins.
Preloading 0 native plugins for Editor in 0.00 ms.
Invoked RoslynAnalysisRunner static constructor.
RoslynAnalysisRunner will not be running.
RoslynAnalysisRunner has terminated.
Mono: successfully reloaded assembly
- Completed reload, in  2.243 seconds
Platform modules already initialized, skipping
Refreshing native plugins compatible for Editor in 0.74 ms, found 0 plugins.
Preloading 0 native plugins for Editor in 0.00 ms.
Unloading 1408 Unused Serialized files (Serialized files now loaded: 0)
System memory in use before: 69.2 MB.
System memory in use after: 69.3 MB.

Unloading 24 unused Assets to reduce memory usage. Loaded Objects now: 1877.
Total: 2.787900 ms (FindLiveObjects: 0.264400 ms CreateObjectMapping: 0.093500 ms MarkObjects: 2.394800 ms  DeleteObjects: 0.033200 ms)

========================================================================
Received Import Request.
  Time since last request: 60.530871 seconds.
  path: Assets/Script/MenuActions.cs
  artifactKey: Guid(bc790f2f5dd51454d875c49b25cf4b4e) Importer(815301076,1909f56bfc062723c751e8b465ee728b)
Start importing Assets/Script/MenuActions.cs using Guid(bc790f2f5dd51454d875c49b25cf4b4e) Importer(815301076,1909f56bfc062723c751e8b465ee728b)  -> (artifact id: 'f558455189fadc2e567e63f8b9182acc') in 0.237544 seconds
  Import took 0.243444 seconds .

========================================================================
Received Import Request.
  Time since last request: 8.019424 seconds.
  path: Assets/Script/Player.cs
  artifactKey: Guid(02be3d0b7d04f5246bdb49fa9a379202) Importer(815301076,1909f56bfc062723c751e8b465ee728b)
Start importing Assets/Script/Player.cs using Guid(02be3d0b7d04f5246bdb49fa9a379202) Importer(815301076,1909f56bfc062723c751e8b465ee728b)  -> (artifact id: 'cf0e0d7f0fe98fb68b00320f8280f341') in 0.135232 seconds
  Import took 0.140108 seconds .

========================================================================
Received Prepare
Registering precompiled user dll's ...
Registered in 0.003373 seconds.
Begin MonoManager ReloadAssembly
Native extension for WindowsStandalone target not found
Refreshing native plugins compatible for Editor in 0.83 ms, found 0 plugins.
Preloading 0 native plugins for Editor in 0.00 ms.
Invoked RoslynAnalysisRunner static constructor.
RoslynAnalysisRunner will not be running.
RoslynAnalysisRunner has terminated.
Mono: successfully reloaded assembly
- Completed reload, in  2.526 seconds
Platform modules already initialized, skipping
Refreshing native plugins compatible for Editor in 0.64 ms, found 0 plugins.
Preloading 0 native plugins for Editor in 0.00 ms.
Unloading 1409 Unused Serialized files (Serialized files now loaded: 0)
System memory in use before: 69.3 MB.
System memory in use after: 69.4 MB.

Unloading 24 unused Assets to reduce memory usage. Loaded Objects now: 1881.
Total: 2.812000 ms (FindLiveObjects: 0.278400 ms CreateObjectMapping: 0.155300 ms MarkObjects: 2.343100 ms  DeleteObjects: 0.033100 ms)

========================================================================
Received Import Request.
  Time since last request: 15.728409 seconds.
  path: Assets/Script/PlayerMove.cs
  artifactKey: Guid(46609d416b22e364198731657d2f2cef) Importer(815301076,1909f56bfc062723c751e8b465ee728b)
Start importing Assets/Script/PlayerMove.cs using Guid(46609d416b22e364198731657d2f2cef) Importer(815301076,1909f56bfc062723c751e8b465ee728b)  -> (artifact id: '1a8e43337bc988182690c3e7432c18e9') in 0.021790 seconds
  Import took 0.029138 seconds .

========================================================================
Received Prepare
Registering precompiled user dll's ...
Registered in 0.002479 seconds.
Begin MonoManager ReloadAssembly
Native extension for WindowsStandalone target not found
Refreshing native plugins compatible for Editor in 0.58 ms, found 0 plugins.
Preloading 0 native plugins for Editor in 0.00 ms.
Invoked RoslynAnalysisRunner static constructor.
RoslynAnalysisRunner will not be running.
RoslynAnalysisRunner has terminated.
Mono: successfully reloaded assembly
- Completed reload, in  1.418 seconds
Platform modules already initialized, skipping
Refreshing native plugins compatible for Editor in 0.55 ms, found 0 plugins.
Preloading 0 native plugins for Editor in 0.00 ms.
Unloading 1410 Unused Serialized files (Serialized files now loaded: 0)
System memory in use before: 69.3 MB.
System memory in use after: 69.4 MB.

Unloading 24 unused Assets to reduce memory usage. Loaded Objects now: 1885.
Total: 3.054000 ms (FindLiveObjects: 0.347400 ms CreateObjectMapping: 0.304200 ms MarkObjects: 2.368400 ms  DeleteObjects: 0.031800 ms)

========================================================================
Received Prepare
Registering precompiled user dll's ...
Registered in 0.002284 seconds.
Begin MonoManager ReloadAssembly
Native extension for WindowsStandalone target not found
Refreshing native plugins compatible for Editor in 1.81 ms, found 0 plugins.
Preloading 0 native plugins for Editor in 0.00 ms.
Invoked RoslynAnalysisRunner static constructor.
RoslynAnalysisRunner will not be running.
RoslynAnalysisRunner has terminated.
Mono: successfully reloaded assembly
- Completed reload, in  1.570 seconds
Platform modules already initialized, skipping
Refreshing native plugins compatible for Editor in 0.63 ms, found 0 plugins.
Preloading 0 native plugins for Editor in 0.00 ms.
Unloading 1410 Unused Serialized files (Serialized files now loaded: 0)
System memory in use before: 69.3 MB.
System memory in use after: 69.4 MB.

Unloading 24 unused Assets to reduce memory usage. Loaded Objects now: 1888.
Total: 2.941500 ms (FindLiveObjects: 0.294500 ms CreateObjectMapping: 0.130400 ms MarkObjects: 2.478400 ms  DeleteObjects: 0.035600 ms)

========================================================================
Received Import Request.
  Time since last request: 273.236710 seconds.
  path: Assets/Script/MainMenu.cs
  artifactKey: Guid(bf6152a2869e23e46bf4ab7a0d0f5d51) Importer(815301076,1909f56bfc062723c751e8b465ee728b)
Start importing Assets/Script/MainMenu.cs using Guid(bf6152a2869e23e46bf4ab7a0d0f5d51) Importer(815301076,1909f56bfc062723c751e8b465ee728b)  -> (artifact id: '3fa2f41b238d3c99a305dce4d690dada') in 0.007127 seconds
  Import took 1.641058 seconds .

========================================================================
Received Prepare
Registering precompiled user dll's ...
Registered in 0.002658 seconds.
Begin MonoManager ReloadAssembly
Native extension for WindowsStandalone target not found
Refreshing native plugins compatible for Editor in 0.54 ms, found 0 plugins.
Preloading 0 native plugins for Editor in 0.00 ms.
Invoked RoslynAnalysisRunner static constructor.
RoslynAnalysisRunner will not be running.
RoslynAnalysisRunner has terminated.
Mono: successfully reloaded assembly
- Completed reload, in  1.540 seconds
Platform modules already initialized, skipping
Refreshing native plugins compatible for Editor in 0.54 ms, found 0 plugins.
Preloading 0 native plugins for Editor in 0.00 ms.
Unloading 1410 Unused Serialized files (Serialized files now loaded: 0)
System memory in use before: 69.3 MB.
System memory in use after: 69.4 MB.

Unloading 24 unused Assets to reduce memory usage. Loaded Objects now: 1891.
Total: 4.417500 ms (FindLiveObjects: 0.366500 ms CreateObjectMapping: 0.251700 ms MarkObjects: 3.752800 ms  DeleteObjects: 0.044100 ms)

========================================================================
Received Import Request.
  Time since last request: 391.090397 seconds.
  path: Assets/Total.unity
  artifactKey: Guid(a1a0e49d75c45fd44b345e3b59add80e) Importer(815301076,1909f56bfc062723c751e8b465ee728b)
Start importing Assets/Total.unity using Guid(a1a0e49d75c45fd44b345e3b59add80e) Importer(815301076,1909f56bfc062723c751e8b465ee728b)  -> (artifact id: '13796c03b4a8f61f8a75f4e924da23e3') in 0.148972 seconds
  Import took 0.163215 seconds .

========================================================================
Received Import Request.
  Time since last request: 12.116759 seconds.
  path: Assets/PlayGame.unity
  artifactKey: Guid(a1a0e49d75c45fd44b345e3b59add80e) Importer(815301076,1909f56bfc062723c751e8b465ee728b)
Start importing Assets/PlayGame.unity using Guid(a1a0e49d75c45fd44b345e3b59add80e) Importer(815301076,1909f56bfc062723c751e8b465ee728b)  -> (artifact id: '0e475ff9554d601678f13d9643871280') in 0.048658 seconds
  Import took 0.088624 seconds .

========================================================================
Received Import Request.
  Time since last request: 43.537202 seconds.
  path: Assets/MainScene.unity
  artifactKey: Guid(66e251122c22f164fa052f119a86b3bd) Importer(815301076,1909f56bfc062723c751e8b465ee728b)
Start importing Assets/MainScene.unity using Guid(66e251122c22f164fa052f119a86b3bd) Importer(815301076,1909f56bfc062723c751e8b465ee728b)  -> (artifact id: 'e0c8ba55e672b58f245bdb12e5454c4d') in 0.016602 seconds
  Import took 0.054264 seconds .

========================================================================
Received Prepare
Registering precompiled user dll's ...
Registered in 0.004869 seconds.
Begin MonoManager ReloadAssembly
Native extension for WindowsStandalone target not found
Refreshing native plugins compatible for Editor in 0.60 ms, found 0 plugins.
Preloading 0 native plugins for Editor in 0.00 ms.
Invoked RoslynAnalysisRunner static constructor.
RoslynAnalysisRunner will not be running.
RoslynAnalysisRunner has terminated.
Mono: successfully reloaded assembly
- Completed reload, in  1.970 seconds
Platform modules already initialized, skipping
Refreshing native plugins compatible for Editor in 0.58 ms, found 0 plugins.
Preloading 0 native plugins for Editor in 0.00 ms.
Unloading 1410 Unused Serialized files (Serialized files now loaded: 0)
System memory in use before: 69.3 MB.
System memory in use after: 69.4 MB.

Unloading 24 unused Assets to reduce memory usage. Loaded Objects now: 1894.
Total: 5.277600 ms (FindLiveObjects: 1.274500 ms CreateObjectMapping: 0.571300 ms MarkObjects: 3.394200 ms  DeleteObjects: 0.035100 ms)

========================================================================
Received Prepare
Registering precompiled user dll's ...
Registered in 0.003241 seconds.
Begin MonoManager ReloadAssembly
Native extension for WindowsStandalone target not found
Refreshing native plugins compatible for Editor in 0.53 ms, found 0 plugins.
Preloading 0 native plugins for Editor in 0.00 ms.
Invoked RoslynAnalysisRunner static constructor.
RoslynAnalysisRunner will not be running.
RoslynAnalysisRunner has terminated.
Mono: successfully reloaded assembly
- Completed reload, in  1.460 seconds
Platform modules already initialized, skipping
Refreshing native plugins compatible for Editor in 1.12 ms, found 0 plugins.
Preloading 0 native plugins for Editor in 0.00 ms.
Unloading 1410 Unused Serialized files (Serialized files now loaded: 0)
System memory in use before: 69.3 MB.
System memory in use after: 69.4 MB.

Unloading 24 unused Assets to reduce memory usage. Loaded Objects now: 1897.
Total: 5.712000 ms (FindLiveObjects: 0.424500 ms CreateObjectMapping: 0.151500 ms MarkObjects: 5.061400 ms  DeleteObjects: 0.071500 ms)

========================================================================
Received Import Request.
  Time since last request: 759.951688 seconds.
  path: Assets/Script/Player1.cs
  artifactKey: Guid(474a6d8adb0c4154db47aa56009b62f4) Importer(815301076,1909f56bfc062723c751e8b465ee728b)
Start importing Assets/Script/Player1.cs using Guid(474a6d8adb0c4154db47aa56009b62f4) Importer(815301076,1909f56bfc062723c751e8b465ee728b)  -> (artifact id: 'd43f9d1c2bdabcb851cd2251eb7d2366') in 0.425475 seconds
  Import took 0.540380 seconds .

========================================================================
Received Import Request.
  Time since last request: 21.384475 seconds.
  path: Assets/Script/Player.cs
  artifactKey: Guid(474a6d8adb0c4154db47aa56009b62f4) Importer(815301076,1909f56bfc062723c751e8b465ee728b)
Start importing Assets/Script/Player.cs using Guid(474a6d8adb0c4154db47aa56009b62f4) Importer(815301076,1909f56bfc062723c751e8b465ee728b)  -> (artifact id: 'dc06d0f465d4e279da244e25e82329f5') in 0.012361 seconds
  Import took 0.063681 seconds .

========================================================================
Received Import Request.
  Time since last request: 1.074054 seconds.
  path: Assets/Script/PlayerInventory.cs
  artifactKey: Guid(4872149bc664a864c9b017479ff9fa02) Importer(815301076,1909f56bfc062723c751e8b465ee728b)
Start importing Assets/Script/PlayerInventory.cs using Guid(4872149bc664a864c9b017479ff9fa02) Importer(815301076,1909f56bfc062723c751e8b465ee728b)  -> (artifact id: 'e5265c819842142978c892fa1a5e2a15') in 0.247315 seconds
  Import took 0.252671 seconds .

========================================================================
Received Import Request.
  Time since last request: 1.434819 seconds.
  path: Assets/Script/PlayerInventoryDisplay.cs
  artifactKey: Guid(90f249d483dd8644bab421b4c3f73dad) Importer(815301076,1909f56bfc062723c751e8b465ee728b)
Start importing Assets/Script/PlayerInventoryDisplay.cs using Guid(90f249d483dd8644bab421b4c3f73dad) Importer(815301076,1909f56bfc062723c751e8b465ee728b)  -> (artifact id: '575bcb0d1bb8a814aaeddadac102bfa0') in 0.091068 seconds
  Import took 0.145456 seconds .

========================================================================
Received Import Request.
  Time since last request: 2.361642 seconds.
  path: Assets/Script/PlayerMove1.cs
  artifactKey: Guid(5f42d3b51a208fe4abb66aa801c22011) Importer(815301076,1909f56bfc062723c751e8b465ee728b)
Start importing Assets/Script/PlayerMove1.cs using Guid(5f42d3b51a208fe4abb66aa801c22011) Importer(815301076,1909f56bfc062723c751e8b465ee728b)  -> (artifact id: '11d55398b20d8638fc67071b4153a874') in 0.097637 seconds
  Import took 0.101998 seconds .

========================================================================
Received Prepare
Registering precompiled user dll's ...
Registered in 0.003060 seconds.
Begin MonoManager ReloadAssembly
Native extension for WindowsStandalone target not found
Refreshing native plugins compatible for Editor in 0.57 ms, found 0 plugins.
Preloading 0 native plugins for Editor in 0.00 ms.
Invoked RoslynAnalysisRunner static constructor.
RoslynAnalysisRunner will not be running.
RoslynAnalysisRunner has terminated.
Mono: successfully reloaded assembly
- Completed reload, in  1.510 seconds
Platform modules already initialized, skipping
Refreshing native plugins compatible for Editor in 0.62 ms, found 0 plugins.
Preloading 0 native plugins for Editor in 0.00 ms.
Unloading 1412 Unused Serialized files (Serialized files now loaded: 0)
System memory in use before: 69.4 MB.
System memory in use after: 69.5 MB.

Unloading 24 unused Assets to reduce memory usage. Loaded Objects now: 1904.
Total: 3.205000 ms (FindLiveObjects: 0.437600 ms CreateObjectMapping: 0.113200 ms MarkObjects: 2.618500 ms  DeleteObjects: 0.032500 ms)

========================================================================
Received Import Request.
  Time since last request: 23.648542 seconds.
  path: Assets/Script/PlayerMove.cs
  artifactKey: Guid(5f42d3b51a208fe4abb66aa801c22011) Importer(815301076,1909f56bfc062723c751e8b465ee728b)
Start importing Assets/Script/PlayerMove.cs using Guid(5f42d3b51a208fe4abb66aa801c22011) Importer(815301076,1909f56bfc062723c751e8b465ee728b)  -> (artifact id: '29656e08f9e8fff4a4e43ef0b738939f') in 0.023305 seconds
  Import took 0.029845 seconds .

========================================================================
Received Prepare
Registering precompiled user dll's ...
Registered in 0.002353 seconds.
Begin MonoManager ReloadAssembly
Native extension for WindowsStandalone target not found
Refreshing native plugins compatible for Editor in 0.60 ms, found 0 plugins.
Preloading 0 native plugins for Editor in 0.00 ms.
Invoked RoslynAnalysisRunner static constructor.
RoslynAnalysisRunner will not be running.
RoslynAnalysisRunner has terminated.
Mono: successfully reloaded assembly
- Completed reload, in  1.947 seconds
Platform modules already initialized, skipping
Refreshing native plugins compatible for Editor in 0.87 ms, found 0 plugins.
Preloading 0 native plugins for Editor in 0.00 ms.
Unloading 1412 Unused Serialized files (Serialized files now loaded: 0)
System memory in use before: 69.4 MB.
System memory in use after: 69.5 MB.

Unloading 24 unused Assets to reduce memory usage. Loaded Objects now: 1907.
Total: 3.042600 ms (FindLiveObjects: 0.333900 ms CreateObjectMapping: 0.066600 ms MarkObjects: 2.605900 ms  DeleteObjects: 0.034300 ms)

========================================================================
Received Import Request.
  Time since last request: 70.982202 seconds.
  path: Assets/MainScene.unity
  artifactKey: Guid(66e251122c22f164fa052f119a86b3bd) Importer(815301076,1909f56bfc062723c751e8b465ee728b)
Start importing Assets/MainScene.unity using Guid(66e251122c22f164fa052f119a86b3bd) Importer(815301076,1909f56bfc062723c751e8b465ee728b)  -> (artifact id: '7c49457bbd44e1ce19e658e0c04cbc9b') in 0.028994 seconds
  Import took 0.034348 seconds .

========================================================================
Received Prepare
Registering precompiled user dll's ...
Registered in 0.002759 seconds.
Begin MonoManager ReloadAssembly
Native extension for WindowsStandalone target not found
Refreshing native plugins compatible for Editor in 0.87 ms, found 0 plugins.
Preloading 0 native plugins for Editor in 0.00 ms.
Invoked RoslynAnalysisRunner static constructor.
RoslynAnalysisRunner will not be running.
RoslynAnalysisRunner has terminated.
Mono: successfully reloaded assembly
- Completed reload, in  1.544 seconds
Platform modules already initialized, skipping
Refreshing native plugins compatible for Editor in 0.92 ms, found 0 plugins.
Preloading 0 native plugins for Editor in 0.00 ms.
Unloading 1412 Unused Serialized files (Serialized files now loaded: 0)
System memory in use before: 69.4 MB.
System memory in use after: 69.5 MB.

Unloading 24 unused Assets to reduce memory usage. Loaded Objects now: 1910.
Total: 4.550200 ms (FindLiveObjects: 0.331200 ms CreateObjectMapping: 0.109700 ms MarkObjects: 4.057100 ms  DeleteObjects: 0.049800 ms)

========================================================================
Received Prepare
Registering precompiled user dll's ...
Registered in 0.003095 seconds.
Begin MonoManager ReloadAssembly
Native extension for WindowsStandalone target not found
Refreshing native plugins compatible for Editor in 0.57 ms, found 0 plugins.
Preloading 0 native plugins for Editor in 0.00 ms.
Invoked RoslynAnalysisRunner static constructor.
RoslynAnalysisRunner will not be running.
RoslynAnalysisRunner has terminated.
Mono: successfully reloaded assembly
- Completed reload, in  1.485 seconds
Platform modules already initialized, skipping
Refreshing native plugins compatible for Editor in 0.55 ms, found 0 plugins.
Preloading 0 native plugins for Editor in 0.00 ms.
Unloading 1412 Unused Serialized files (Serialized files now loaded: 0)
System memory in use before: 69.4 MB.
System memory in use after: 69.5 MB.

Unloading 24 unused Assets to reduce memory usage. Loaded Objects now: 1913.
Total: 2.732000 ms (FindLiveObjects: 0.316400 ms CreateObjectMapping: 0.090500 ms MarkObjects: 2.288000 ms  DeleteObjects: 0.033700 ms)

========================================================================
Received Prepare
Registering precompiled user dll's ...
Registered in 0.002746 seconds.
Begin MonoManager ReloadAssembly
Native extension for WindowsStandalone target not found
Refreshing native plugins compatible for Editor in 0.91 ms, found 0 plugins.
Preloading 0 native plugins for Editor in 0.00 ms.
Invoked RoslynAnalysisRunner static constructor.
RoslynAnalysisRunner will not be running.
RoslynAnalysisRunner has terminated.
Mono: successfully reloaded assembly
- Completed reload, in  1.673 seconds
Platform modules already initialized, skipping
Refreshing native plugins compatible for Editor in 0.75 ms, found 0 plugins.
Preloading 0 native plugins for Editor in 0.00 ms.
Unloading 1412 Unused Serialized files (Serialized files now loaded: 0)
System memory in use before: 69.4 MB.
System memory in use after: 69.5 MB.

Unloading 24 unused Assets to reduce memory usage. Loaded Objects now: 1916.
Total: 3.021700 ms (FindLiveObjects: 0.230900 ms CreateObjectMapping: 0.082400 ms MarkObjects: 2.669300 ms  DeleteObjects: 0.037100 ms)

========================================================================
Received Prepare
Registering precompiled user dll's ...
Registered in 0.080038 seconds.
Begin MonoManager ReloadAssembly
Native extension for WindowsStandalone target not found
Refreshing native plugins compatible for Editor in 0.63 ms, found 0 plugins.
Preloading 0 native plugins for Editor in 0.00 ms.
Invoked RoslynAnalysisRunner static constructor.
RoslynAnalysisRunner will not be running.
RoslynAnalysisRunner has terminated.
Mono: successfully reloaded assembly
- Completed reload, in  1.622 seconds
Platform modules already initialized, skipping
Refreshing native plugins compatible for Editor in 0.54 ms, found 0 plugins.
Preloading 0 native plugins for Editor in 0.00 ms.
Unloading 1412 Unused Serialized files (Serialized files now loaded: 0)
System memory in use before: 69.4 MB.
System memory in use after: 69.5 MB.

Unloading 24 unused Assets to reduce memory usage. Loaded Objects now: 1919.
Total: 4.080200 ms (FindLiveObjects: 0.411600 ms CreateObjectMapping: 0.094500 ms MarkObjects: 3.537800 ms  DeleteObjects: 0.034400 ms)

========================================================================
Received Import Request.
  Time since last request: 610.470311 seconds.
  path: Assets/PlayGameSettings.lighting
  artifactKey: Guid(baa96cba912dd3144bb4113bb35afdd0) Importer(815301076,1909f56bfc062723c751e8b465ee728b)
Start importing Assets/PlayGameSettings.lighting using Guid(baa96cba912dd3144bb4113bb35afdd0) Importer(815301076,1909f56bfc062723c751e8b465ee728b) LightingSettings: switching bake backend from 1 to 0.
 -> (artifact id: 'e38f43902fb989997d22046daf220027') in 0.292546 seconds
  Import took 0.315126 seconds .

========================================================================
Received Prepare
Registering precompiled user dll's ...
Registered in 0.002305 seconds.
Begin MonoManager ReloadAssembly
Native extension for WindowsStandalone target not found
Refreshing native plugins compatible for Editor in 0.63 ms, found 0 plugins.
Preloading 0 native plugins for Editor in 0.00 ms.
Invoked RoslynAnalysisRunner static constructor.
RoslynAnalysisRunner will not be running.
RoslynAnalysisRunner has terminated.
Mono: successfully reloaded assembly
- Completed reload, in  1.420 seconds
Platform modules already initialized, skipping
Refreshing native plugins compatible for Editor in 0.58 ms, found 0 plugins.
Preloading 0 native plugins for Editor in 0.00 ms.
Unloading 1412 Unused Serialized files (Serialized files now loaded: 0)
System memory in use before: 69.4 MB.
System memory in use after: 69.5 MB.

Unloading 24 unused Assets to reduce memory usage. Loaded Objects now: 1922.
Total: 5.036300 ms (FindLiveObjects: 0.487500 ms CreateObjectMapping: 0.187400 ms MarkObjects: 4.304900 ms  DeleteObjects: 0.052700 ms)

========================================================================
Received Import Request.
  Time since last request: 297.787587 seconds.
  path: Assets/PlayGame.unity
  artifactKey: Guid(a1a0e49d75c45fd44b345e3b59add80e) Importer(815301076,1909f56bfc062723c751e8b465ee728b)
Start importing Assets/PlayGame.unity using Guid(a1a0e49d75c45fd44b345e3b59add80e) Importer(815301076,1909f56bfc062723c751e8b465ee728b)  -> (artifact id: 'c45d5059bf8bfa9556c7d03c8d0163fe') in 0.059020 seconds
  Import took 0.079471 seconds .

========================================================================
Received Import Request.
  Time since last request: 425.191801 seconds.
  path: ProjectSettings/TagManager.asset
  artifactKey: Guid(00000000000000003000000000000000) Importer(815301076,1909f56bfc062723c751e8b465ee728b)
Start importing ProjectSettings/TagManager.asset using Guid(00000000000000003000000000000000) Importer(815301076,1909f56bfc062723c751e8b465ee728b)  -> (artifact id: '4e1ade904f8483502412a943970edefa') in 0.087006 seconds
  Import took 0.129315 seconds .

========================================================================
Received Prepare
Registering precompiled user dll's ...
Registered in 0.010769 seconds.
Begin MonoManager ReloadAssembly
Native extension for WindowsStandalone target not found
Refreshing native plugins compatible for Editor in 0.66 ms, found 0 plugins.
Preloading 0 native plugins for Editor in 0.00 ms.
Invoked RoslynAnalysisRunner static constructor.
RoslynAnalysisRunner will not be running.
RoslynAnalysisRunner has terminated.
Mono: successfully reloaded assembly
- Completed reload, in  1.499 seconds
Platform modules already initialized, skipping
Refreshing native plugins compatible for Editor in 1.25 ms, found 0 plugins.
Preloading 0 native plugins for Editor in 0.00 ms.
Unloading 1412 Unused Serialized files (Serialized files now loaded: 0)
System memory in use before: 69.5 MB.
System memory in use after: 69.6 MB.

Unloading 25 unused Assets to reduce memory usage. Loaded Objects now: 1925.
Total: 3.937400 ms (FindLiveObjects: 0.366000 ms CreateObjectMapping: 0.146500 ms MarkObjects: 3.371400 ms  DeleteObjects: 0.051000 ms)

========================================================================
Received Prepare
Registering precompiled user dll's ...
Registered in 0.002461 seconds.
Begin MonoManager ReloadAssembly
Native extension for WindowsStandalone target not found
Refreshing native plugins compatible for Editor in 0.94 ms, found 0 plugins.
Preloading 0 native plugins for Editor in 0.00 ms.
Invoked RoslynAnalysisRunner static constructor.
RoslynAnalysisRunner will not be running.
RoslynAnalysisRunner has terminated.
Mono: successfully reloaded assembly
- Completed reload, in  1.517 seconds
Platform modules already initialized, skipping
Refreshing native plugins compatible for Editor in 0.82 ms, found 0 plugins.
Preloading 0 native plugins for Editor in 0.00 ms.
Unloading 1412 Unused Serialized files (Serialized files now loaded: 0)
System memory in use before: 69.5 MB.
System memory in use after: 69.6 MB.

Unloading 24 unused Assets to reduce memory usage. Loaded Objects now: 1928.
Total: 5.323200 ms (FindLiveObjects: 0.706100 ms CreateObjectMapping: 0.186400 ms MarkObjects: 4.379100 ms  DeleteObjects: 0.048000 ms)

========================================================================
Received Prepare
Registering precompiled user dll's ...
Registered in 0.002540 seconds.
Begin MonoManager ReloadAssembly
Native extension for WindowsStandalone target not found
Refreshing native plugins compatible for Editor in 0.67 ms, found 0 plugins.
Preloading 0 native plugins for Editor in 0.00 ms.
Invoked RoslynAnalysisRunner static constructor.
RoslynAnalysisRunner will not be running.
RoslynAnalysisRunner has terminated.
Mono: successfully reloaded assembly
- Completed reload, in  1.450 seconds
Platform modules already initialized, skipping
Refreshing native plugins compatible for Editor in 0.67 ms, found 0 plugins.
Preloading 0 native plugins for Editor in 0.00 ms.
Unloading 1412 Unused Serialized files (Serialized files now loaded: 0)
System memory in use before: 69.5 MB.
System memory in use after: 69.6 MB.

Unloading 24 unused Assets to reduce memory usage. Loaded Objects now: 1931.
Total: 4.664100 ms (FindLiveObjects: 0.328700 ms CreateObjectMapping: 0.129300 ms MarkObjects: 4.161800 ms  DeleteObjects: 0.041900 ms)

========================================================================
Received Prepare
Registering precompiled user dll's ...
Registered in 0.003170 seconds.
Begin MonoManager ReloadAssembly
Native extension for WindowsStandalone target not found
Refreshing native plugins compatible for Editor in 0.56 ms, found 0 plugins.
Preloading 0 native plugins for Editor in 0.00 ms.
Invoked RoslynAnalysisRunner static constructor.
RoslynAnalysisRunner will not be running.
RoslynAnalysisRunner has terminated.
Mono: successfully reloaded assembly
- Completed reload, in  1.470 seconds
Platform modules already initialized, skipping
Refreshing native plugins compatible for Editor in 1.05 ms, found 0 plugins.
Preloading 0 native plugins for Editor in 0.00 ms.
Unloading 1412 Unused Serialized files (Serialized files now loaded: 0)
System memory in use before: 69.5 MB.
System memory in use after: 69.6 MB.

Unloading 24 unused Assets to reduce memory usage. Loaded Objects now: 1934.
Total: 3.513500 ms (FindLiveObjects: 0.401200 ms CreateObjectMapping: 0.098200 ms MarkObjects: 2.972600 ms  DeleteObjects: 0.036700 ms)

========================================================================
Received Prepare
Registering precompiled user dll's ...
Registered in 0.003142 seconds.
Begin MonoManager ReloadAssembly
Native extension for WindowsStandalone target not found
Refreshing native plugins compatible for Editor in 0.86 ms, found 0 plugins.
Preloading 0 native plugins for Editor in 0.00 ms.
Invoked RoslynAnalysisRunner static constructor.
RoslynAnalysisRunner will not be running.
RoslynAnalysisRunner has terminated.
Mono: successfully reloaded assembly
- Completed reload, in  1.490 seconds
Platform modules already initialized, skipping
Refreshing native plugins compatible for Editor in 0.74 ms, found 0 plugins.
Preloading 0 native plugins for Editor in 0.00 ms.
Unloading 1412 Unused Serialized files (Serialized files now loaded: 0)
System memory in use before: 69.5 MB.
System memory in use after: 69.6 MB.

Unloading 24 unused Assets to reduce memory usage. Loaded Objects now: 1937.
Total: 3.342400 ms (FindLiveObjects: 0.515000 ms CreateObjectMapping: 0.232100 ms MarkObjects: 2.554600 ms  DeleteObjects: 0.037300 ms)

========================================================================
Received Prepare
Registering precompiled user dll's ...
Registered in 0.003964 seconds.
Begin MonoManager ReloadAssembly
Native extension for WindowsStandalone target not found
Refreshing native plugins compatible for Editor in 0.58 ms, found 0 plugins.
Preloading 0 native plugins for Editor in 0.00 ms.
Invoked RoslynAnalysisRunner static constructor.
RoslynAnalysisRunner will not be running.
RoslynAnalysisRunner has terminated.
Mono: successfully reloaded assembly
- Completed reload, in  1.455 seconds
Platform modules already initialized, skipping
Refreshing native plugins compatible for Editor in 0.61 ms, found 0 plugins.
Preloading 0 native plugins for Editor in 0.00 ms.
Unloading 1412 Unused Serialized files (Serialized files now loaded: 0)
System memory in use before: 69.5 MB.
System memory in use after: 69.6 MB.

Unloading 24 unused Assets to reduce memory usage. Loaded Objects now: 1940.
Total: 6.340300 ms (FindLiveObjects: 0.616100 ms CreateObjectMapping: 0.204900 ms MarkObjects: 5.442500 ms  DeleteObjects: 0.072600 ms)

========================================================================
Received Prepare
Registering precompiled user dll's ...
Registered in 0.004134 seconds.
Begin MonoManager ReloadAssembly
Native extension for WindowsStandalone target not found
Refreshing native plugins compatible for Editor in 1.06 ms, found 0 plugins.
Preloading 0 native plugins for Editor in 0.00 ms.
Invoked RoslynAnalysisRunner static constructor.
RoslynAnalysisRunner will not be running.
RoslynAnalysisRunner has terminated.
Mono: successfully reloaded assembly
- Completed reload, in  2.383 seconds
Platform modules already initialized, skipping
Refreshing native plugins compatible for Editor in 1.05 ms, found 0 plugins.
Preloading 0 native plugins for Editor in 0.00 ms.
Unloading 1412 Unused Serialized files (Serialized files now loaded: 0)
System memory in use before: 69.5 MB.
System memory in use after: 69.6 MB.

Unloading 24 unused Assets to reduce memory usage. Loaded Objects now: 1943.
Total: 4.836000 ms (FindLiveObjects: 0.358300 ms CreateObjectMapping: 0.126300 ms MarkObjects: 4.296400 ms  DeleteObjects: 0.051000 ms)

========================================================================
Received Prepare
Registering precompiled user dll's ...
Registered in 0.004051 seconds.
Begin MonoManager ReloadAssembly
Native extension for WindowsStandalone target not found
Refreshing native plugins compatible for Editor in 0.61 ms, found 0 plugins.
Preloading 0 native plugins for Editor in 0.00 ms.
Invoked RoslynAnalysisRunner static constructor.
RoslynAnalysisRunner will not be running.
RoslynAnalysisRunner has terminated.
Mono: successfully reloaded assembly
- Completed reload, in  3.283 seconds
Platform modules already initialized, skipping
Refreshing native plugins compatible for Editor in 0.86 ms, found 0 plugins.
Preloading 0 native plugins for Editor in 0.00 ms.
Unloading 1411 Unused Serialized files (Serialized files now loaded: 0)
System memory in use before: 69.5 MB.
System memory in use after: 69.6 MB.

Unloading 24 unused Assets to reduce memory usage. Loaded Objects now: 1946.
Total: 6.512700 ms (FindLiveObjects: 0.664500 ms CreateObjectMapping: 0.781000 ms MarkObjects: 5.000100 ms  DeleteObjects: 0.061600 ms)

========================================================================
Received Prepare
Registering precompiled user dll's ...
Registered in 0.004069 seconds.
Begin MonoManager ReloadAssembly
Native extension for WindowsStandalone target not found
Refreshing native plugins compatible for Editor in 0.86 ms, found 0 plugins.
Preloading 0 native plugins for Editor in 0.00 ms.
Invoked RoslynAnalysisRunner static constructor.
RoslynAnalysisRunner will not be running.
RoslynAnalysisRunner has terminated.
Mono: successfully reloaded assembly
- Completed reload, in  2.320 seconds
Platform modules already initialized, skipping
Refreshing native plugins compatible for Editor in 0.87 ms, found 0 plugins.
Preloading 0 native plugins for Editor in 0.00 ms.
Unloading 1411 Unused Serialized files (Serialized files now loaded: 0)
System memory in use before: 69.5 MB.
System memory in use after: 69.6 MB.

Unloading 24 unused Assets to reduce memory usage. Loaded Objects now: 1949.
Total: 4.277000 ms (FindLiveObjects: 0.513100 ms CreateObjectMapping: 0.211700 ms MarkObjects: 3.499100 ms  DeleteObjects: 0.049800 ms)

========================================================================
Received Import Request.
  Time since last request: 1360.865841 seconds.
  path: Assets/Script/MenuActions.cs
  artifactKey: Guid(bc790f2f5dd51454d875c49b25cf4b4e) Importer(815301076,1909f56bfc062723c751e8b465ee728b)
Start importing Assets/Script/MenuActions.cs using Guid(bc790f2f5dd51454d875c49b25cf4b4e) Importer(815301076,1909f56bfc062723c751e8b465ee728b)  -> (artifact id: '661eb24991c38991b51a373f7bdab3e5') in 0.038580 seconds
  Import took 0.049664 seconds .

========================================================================
Received Import Request.
  Time since last request: 0.005751 seconds.
  path: Assets/Script/MenuActions.cs
  artifactKey: Guid(bc790f2f5dd51454d875c49b25cf4b4e) Importer(815301076,1909f56bfc062723c751e8b465ee728b)
Start importing Assets/Script/MenuActions.cs using Guid(bc790f2f5dd51454d875c49b25cf4b4e) Importer(815301076,1909f56bfc062723c751e8b465ee728b)  -> (artifact id: '661eb24991c38991b51a373f7bdab3e5') in 0.007812 seconds
  Import took 0.020167 seconds .

========================================================================
Received Prepare
Registering precompiled user dll's ...
Registered in 0.008474 seconds.
Begin MonoManager ReloadAssembly
Native extension for WindowsStandalone target not found
Refreshing native plugins compatible for Editor in 0.55 ms, found 0 plugins.
Preloading 0 native plugins for Editor in 0.00 ms.
Invoked RoslynAnalysisRunner static constructor.
RoslynAnalysisRunner will not be running.
RoslynAnalysisRunner has terminated.
Mono: successfully reloaded assembly
- Completed reload, in  1.507 seconds
Platform modules already initialized, skipping
Refreshing native plugins compatible for Editor in 0.99 ms, found 0 plugins.
Preloading 0 native plugins for Editor in 0.00 ms.
Unloading 1411 Unused Serialized files (Serialized files now loaded: 0)
System memory in use before: 69.5 MB.
System memory in use after: 69.6 MB.

Unloading 24 unused Assets to reduce memory usage. Loaded Objects now: 1952.
Total: 2.960500 ms (FindLiveObjects: 0.375800 ms CreateObjectMapping: 0.129100 ms MarkObjects: 2.419000 ms  DeleteObjects: 0.034600 ms)

========================================================================
Received Prepare
Registering precompiled user dll's ...
Registered in 0.003851 seconds.
Begin MonoManager ReloadAssembly
Native extension for WindowsStandalone target not found
Refreshing native plugins compatible for Editor in 0.72 ms, found 0 plugins.
Preloading 0 native plugins for Editor in 0.00 ms.
Invoked RoslynAnalysisRunner static constructor.
RoslynAnalysisRunner will not be running.
RoslynAnalysisRunner has terminated.
Mono: successfully reloaded assembly
- Completed reload, in  1.609 seconds
Platform modules already initialized, skipping
Refreshing native plugins compatible for Editor in 0.59 ms, found 0 plugins.
Preloading 0 native plugins for Editor in 0.00 ms.
Unloading 1411 Unused Serialized files (Serialized files now loaded: 0)
System memory in use before: 69.5 MB.
System memory in use after: 69.6 MB.

Unloading 24 unused Assets to reduce memory usage. Loaded Objects now: 1955.
Total: 3.312400 ms (FindLiveObjects: 0.285500 ms CreateObjectMapping: 0.170800 ms MarkObjects: 2.808900 ms  DeleteObjects: 0.045000 ms)

========================================================================
Received Prepare
Registering precompiled user dll's ...
Registered in 0.004863 seconds.
Begin MonoManager ReloadAssembly
Native extension for WindowsStandalone target not found
Refreshing native plugins compatible for Editor in 0.55 ms, found 0 plugins.
Preloading 0 native plugins for Editor in 0.00 ms.
Invoked RoslynAnalysisRunner static constructor.
RoslynAnalysisRunner will not be running.
RoslynAnalysisRunner has terminated.
Mono: successfully reloaded assembly
- Completed reload, in  1.496 seconds
Platform modules already initialized, skipping
Refreshing native plugins compatible for Editor in 0.61 ms, found 0 plugins.
Preloading 0 native plugins for Editor in 0.00 ms.
Unloading 1411 Unused Serialized files (Serialized files now loaded: 0)
System memory in use before: 69.5 MB.
System memory in use after: 69.6 MB.

Unloading 24 unused Assets to reduce memory usage. Loaded Objects now: 1958.
Total: 4.395600 ms (FindLiveObjects: 0.356400 ms CreateObjectMapping: 0.164600 ms MarkObjects: 3.808100 ms  DeleteObjects: 0.063200 ms)

========================================================================
Received Prepare
Registering precompiled user dll's ...
Registered in 0.003142 seconds.
Begin MonoManager ReloadAssembly
Native extension for WindowsStandalone target not found
Refreshing native plugins compatible for Editor in 0.58 ms, found 0 plugins.
Preloading 0 native plugins for Editor in 0.00 ms.
Invoked RoslynAnalysisRunner static constructor.
RoslynAnalysisRunner will not be running.
RoslynAnalysisRunner has terminated.
Mono: successfully reloaded assembly
- Completed reload, in  1.523 seconds
Platform modules already initialized, skipping
Refreshing native plugins compatible for Editor in 0.66 ms, found 0 plugins.
Preloading 0 native plugins for Editor in 0.00 ms.
Unloading 1411 Unused Serialized files (Serialized files now loaded: 0)
System memory in use before: 69.5 MB.
System memory in use after: 69.6 MB.

Unloading 24 unused Assets to reduce memory usage. Loaded Objects now: 1961.
Total: 2.795600 ms (FindLiveObjects: 0.261300 ms CreateObjectMapping: 0.118500 ms MarkObjects: 2.368800 ms  DeleteObjects: 0.044400 ms)

========================================================================
Received Prepare
Registering precompiled user dll's ...
Registered in 0.005796 seconds.
Begin MonoManager ReloadAssembly
Native extension for WindowsStandalone target not found
Refreshing native plugins compatible for Editor in 1.83 ms, found 0 plugins.
Preloading 0 native plugins for Editor in 0.00 ms.
Invoked RoslynAnalysisRunner static constructor.
RoslynAnalysisRunner will not be running.
RoslynAnalysisRunner has terminated.
Mono: successfully reloaded assembly
- Completed reload, in  2.602 seconds
Platform modules already initialized, skipping
Refreshing native plugins compatible for Editor in 1.04 ms, found 0 plugins.
Preloading 0 native plugins for Editor in 0.00 ms.
Unloading 1411 Unused Serialized files (Serialized files now loaded: 0)
System memory in use before: 69.5 MB.
System memory in use after: 69.6 MB.

Unloading 24 unused Assets to reduce memory usage. Loaded Objects now: 1964.
Total: 4.277400 ms (FindLiveObjects: 0.313300 ms CreateObjectMapping: 0.150400 ms MarkObjects: 3.763000 ms  DeleteObjects: 0.048500 ms)

========================================================================
Received Import Request.
  Time since last request: 394.662622 seconds.
  path: Assets/About.unity
  artifactKey: Guid(24e61ec6bb7731243961d6209dd39a26) Importer(815301076,1909f56bfc062723c751e8b465ee728b)
Start importing Assets/About.unity using Guid(24e61ec6bb7731243961d6209dd39a26) Importer(815301076,1909f56bfc062723c751e8b465ee728b)  -> (artifact id: 'cde66df87ae1727c4afac84fd63c07df') in 0.508956 seconds
  Import took 0.652030 seconds .

========================================================================
Received Import Request.
  Time since last request: 32.577333 seconds.
  path: Assets/PlayGame.unity
  artifactKey: Guid(a1a0e49d75c45fd44b345e3b59add80e) Importer(815301076,1909f56bfc062723c751e8b465ee728b)
Start importing Assets/PlayGame.unity using Guid(a1a0e49d75c45fd44b345e3b59add80e) Importer(815301076,1909f56bfc062723c751e8b465ee728b)  -> (artifact id: '10a3875ff598558d3a0510955b03d0fb') in 0.007294 seconds
  Import took 0.016362 seconds .

========================================================================
Received Import Request.
  Time since last request: 1.275716 seconds.
  path: Assets/MainScene.unity
  artifactKey: Guid(66e251122c22f164fa052f119a86b3bd) Importer(815301076,1909f56bfc062723c751e8b465ee728b)
Start importing Assets/MainScene.unity using Guid(66e251122c22f164fa052f119a86b3bd) Importer(815301076,1909f56bfc062723c751e8b465ee728b)  -> (artifact id: '7a651482e5efb8821d10cf87470e7ebd') in 0.013541 seconds
  Import took 0.075474 seconds .

========================================================================
Received Import Request.
  Time since last request: 5.720794 seconds.
  path: Assets/About.unity
  artifactKey: Guid(24e61ec6bb7731243961d6209dd39a26) Importer(815301076,1909f56bfc062723c751e8b465ee728b)
Start importing Assets/About.unity using Guid(24e61ec6bb7731243961d6209dd39a26) Importer(815301076,1909f56bfc062723c751e8b465ee728b)  -> (artifact id: '5fea0d1c8c64a059e7366e2daf274422') in 0.023072 seconds
  Import took 0.037067 seconds .

========================================================================
Received Prepare
Registering precompiled user dll's ...
Registered in 0.008750 seconds.
Begin MonoManager ReloadAssembly
Native extension for WindowsStandalone target not found
Refreshing native plugins compatible for Editor in 0.88 ms, found 0 plugins.
Preloading 0 native plugins for Editor in 0.00 ms.
Invoked RoslynAnalysisRunner static constructor.
RoslynAnalysisRunner will not be running.
RoslynAnalysisRunner has terminated.
Mono: successfully reloaded assembly
- Completed reload, in  2.265 seconds
Platform modules already initialized, skipping
Refreshing native plugins compatible for Editor in 0.89 ms, found 0 plugins.
Preloading 0 native plugins for Editor in 0.00 ms.
Unloading 1411 Unused Serialized files (Serialized files now loaded: 0)
System memory in use before: 69.5 MB.
System memory in use after: 69.7 MB.

Unloading 24 unused Assets to reduce memory usage. Loaded Objects now: 1967.
Total: 3.676400 ms (FindLiveObjects: 0.294800 ms CreateObjectMapping: 0.103500 ms MarkObjects: 3.227900 ms  DeleteObjects: 0.047600 ms)

========================================================================
Received Prepare
Registering precompiled user dll's ...
Registered in 0.002833 seconds.
Begin MonoManager ReloadAssembly
Native extension for WindowsStandalone target not found
Refreshing native plugins compatible for Editor in 0.95 ms, found 0 plugins.
Preloading 0 native plugins for Editor in 0.00 ms.
Invoked RoslynAnalysisRunner static constructor.
RoslynAnalysisRunner will not be running.
RoslynAnalysisRunner has terminated.
Mono: successfully reloaded assembly
- Completed reload, in  2.572 seconds
Platform modules already initialized, skipping
Refreshing native plugins compatible for Editor in 1.23 ms, found 0 plugins.
Preloading 0 native plugins for Editor in 0.00 ms.
Unloading 1411 Unused Serialized files (Serialized files now loaded: 0)
System memory in use before: 69.5 MB.
System memory in use after: 69.7 MB.

Unloading 24 unused Assets to reduce memory usage. Loaded Objects now: 1970.
Total: 7.396200 ms (FindLiveObjects: 0.521600 ms CreateObjectMapping: 0.182000 ms MarkObjects: 6.641200 ms  DeleteObjects: 0.047900 ms)

========================================================================
Received Prepare
Registering precompiled user dll's ...
Registered in 0.002867 seconds.
Begin MonoManager ReloadAssembly
Native extension for WindowsStandalone target not found
Refreshing native plugins compatible for Editor in 0.80 ms, found 0 plugins.
Preloading 0 native plugins for Editor in 0.00 ms.
Invoked RoslynAnalysisRunner static constructor.
RoslynAnalysisRunner will not be running.
RoslynAnalysisRunner has terminated.
Mono: successfully reloaded assembly
- Completed reload, in  2.112 seconds
Platform modules already initialized, skipping
Refreshing native plugins compatible for Editor in 0.88 ms, found 0 plugins.
Preloading 0 native plugins for Editor in 0.00 ms.
Unloading 1411 Unused Serialized files (Serialized files now loaded: 0)
System memory in use before: 69.6 MB.
System memory in use after: 69.7 MB.

Unloading 24 unused Assets to reduce memory usage. Loaded Objects now: 1973.
Total: 4.829100 ms (FindLiveObjects: 0.661000 ms CreateObjectMapping: 0.139300 ms MarkObjects: 3.966100 ms  DeleteObjects: 0.058600 ms)

========================================================================
Received Prepare
Registering precompiled user dll's ...
Registered in 0.002995 seconds.
Begin MonoManager ReloadAssembly
Native extension for WindowsStandalone target not found
Refreshing native plugins compatible for Editor in 1.53 ms, found 0 plugins.
Preloading 0 native plugins for Editor in 0.00 ms.
Invoked RoslynAnalysisRunner static constructor.
RoslynAnalysisRunner will not be running.
RoslynAnalysisRunner has terminated.
Mono: successfully reloaded assembly
- Completed reload, in  1.696 seconds
Platform modules already initialized, skipping
Refreshing native plugins compatible for Editor in 0.60 ms, found 0 plugins.
Preloading 0 native plugins for Editor in 0.00 ms.
Unloading 1411 Unused Serialized files (Serialized files now loaded: 0)
System memory in use before: 69.6 MB.
System memory in use after: 69.7 MB.

Unloading 24 unused Assets to reduce memory usage. Loaded Objects now: 1976.
Total: 3.245600 ms (FindLiveObjects: 0.420200 ms CreateObjectMapping: 0.117800 ms MarkObjects: 2.663800 ms  DeleteObjects: 0.041000 ms)

========================================================================
Received Prepare
Registering precompiled user dll's ...
Registered in 0.004466 seconds.
Begin MonoManager ReloadAssembly
Native extension for WindowsStandalone target not found
Refreshing native plugins compatible for Editor in 0.97 ms, found 0 plugins.
Preloading 0 native plugins for Editor in 0.00 ms.
Invoked RoslynAnalysisRunner static constructor.
RoslynAnalysisRunner will not be running.
RoslynAnalysisRunner has terminated.
Mono: successfully reloaded assembly
- Completed reload, in  2.521 seconds
Platform modules already initialized, skipping
Refreshing native plugins compatible for Editor in 1.36 ms, found 0 plugins.
Preloading 0 native plugins for Editor in 0.00 ms.
Unloading 1411 Unused Serialized files (Serialized files now loaded: 0)
System memory in use before: 69.6 MB.
System memory in use after: 69.7 MB.

Unloading 24 unused Assets to reduce memory usage. Loaded Objects now: 1979.
Total: 5.099600 ms (FindLiveObjects: 0.374400 ms CreateObjectMapping: 0.137200 ms MarkObjects: 4.437700 ms  DeleteObjects: 0.146400 ms)

========================================================================
Received Prepare
Registering precompiled user dll's ...
Registered in 0.008287 seconds.
Begin MonoManager ReloadAssembly
Native extension for WindowsStandalone target not found
Refreshing native plugins compatible for Editor in 0.89 ms, found 0 plugins.
Preloading 0 native plugins for Editor in 0.00 ms.
Invoked RoslynAnalysisRunner static constructor.
RoslynAnalysisRunner will not be running.
RoslynAnalysisRunner has terminated.
Mono: successfully reloaded assembly
- Completed reload, in  2.449 seconds
Platform modules already initialized, skipping
Refreshing native plugins compatible for Editor in 1.08 ms, found 0 plugins.
Preloading 0 native plugins for Editor in 0.00 ms.
Unloading 1411 Unused Serialized files (Serialized files now loaded: 0)
System memory in use before: 69.6 MB.
System memory in use after: 69.7 MB.

Unloading 24 unused Assets to reduce memory usage. Loaded Objects now: 1982.
Total: 4.538500 ms (FindLiveObjects: 0.405700 ms CreateObjectMapping: 0.203300 ms MarkObjects: 3.878900 ms  DeleteObjects: 0.046800 ms)

AssetImportWorkerClient::OnTransportError - code=2 error=End of file
